python3.8, soenv_20220427
created virtual environment CPython3.8.10.final.0-64 in 90ms
  creator CPython3Posix(dest=/software/soenv_20220427, clear=False, global=False)
  seeder FromAppData(download=False, pip=latest, setuptools=latest, wheel=latest, pkg_resources=latest, via=copy, app_data_dir=/root/.local/share/virtualenv/seed-app-data/v1.0.1.debian.1)
  activators BashActivator,CShellActivator,FishActivator,PowerShellActivator,PythonActivator,XonshActivator
Collecting toast-cmb
  Using cached toast_cmb-2.3.14-py3-none-any.whl (1.4 kB)
Collecting so3g
  Using cached so3g-0.1.3-cp38-cp38-manylinux_2_17_x86_64.manylinux2014_x86_64.whl (37.5 MB)
Collecting pixell
  Using cached pixell-0.15.3-cp38-cp38-manylinux_2_17_x86_64.manylinux2014_x86_64.whl (10.4 MB)
Processing /root/.cache/pip/wheels/fb/56/e9/b4febce71e1911fc8701db8e5622740a48871cd378111a3059/skyfield-1.42-py3-none-any.whl
Collecting toml
  Using cached toml-0.10.2-py2.py3-none-any.whl (16 kB)
Collecting pyfftw
  Using cached pyFFTW-0.13.0-cp38-cp38-manylinux_2_12_x86_64.manylinux2010_x86_64.whl (1.8 MB)
Collecting ipykernel
  Using cached ipykernel-6.13.0-py3-none-any.whl (131 kB)
Collecting jupyterlab
  Using cached jupyterlab-3.3.4-py3-none-any.whl (8.7 MB)
Collecting ipywidgets
  Using cached ipywidgets-7.7.0-py2.py3-none-any.whl (123 kB)
Collecting ipympl
  Using cached ipympl-0.9.1-py2.py3-none-any.whl (508 kB)
Collecting pysqlite3
  Using cached pysqlite3-0.4.7.tar.gz (40 kB)
Processing /root/.cache/pip/wheels/8f/f7/e1/4598abf4b9763888c42e6c2d7a668fb0202a8f5816a6659297/pymaster-1.2-cp38-cp38-linux_x86_64.whl
Processing /root/.cache/pip/wheels/28/6c/fa/269b7f557dec9d34150017a628b2b2d546889231acb6d5bde2/camb-1.3.5-py3-none-any.whl
Collecting joblib
  Using cached joblib-1.1.0-py2.py3-none-any.whl (306 kB)
Processing /root/.cache/pip/wheels/5f/31/18/eb8085012b7902a6cffda6aa9541e402700180b9c0509240e7/lru_cache-0.2.3-py3-none-any.whl
Collecting cython
  Using cached Cython-0.29.28-cp38-cp38-manylinux_2_17_x86_64.manylinux2014_x86_64.manylinux_2_24_x86_64.whl (1.9 MB)
Collecting iminuit>=2
  Using cached iminuit-2.11.2-cp38-cp38-manylinux_2_12_x86_64.manylinux2010_x86_64.whl (336 kB)
Collecting toast
  Using cached toast-2.3.14-cp38-cp38-manylinux_2_12_x86_64.manylinux2010_x86_64.whl (11.6 MB)
Collecting ephem
  Using cached ephem-4.1.3-cp38-cp38-manylinux_2_17_x86_64.manylinux2014_x86_64.whl (1.8 MB)
Collecting numpy
  Using cached numpy-1.22.3-cp38-cp38-manylinux_2_17_x86_64.manylinux2014_x86_64.whl (16.8 MB)
Collecting matplotlib
  Using cached matplotlib-3.5.1-cp38-cp38-manylinux_2_5_x86_64.manylinux1_x86_64.whl (11.3 MB)
Collecting scipy
  Using cached scipy-1.8.0-cp38-cp38-manylinux_2_17_x86_64.manylinux2014_x86_64.whl (41.6 MB)
Collecting astropy<5
  Using cached astropy-4.3.1-cp38-cp38-manylinux_2_12_x86_64.manylinux2010_x86_64.whl (11.0 MB)
Collecting tqdm
  Using cached tqdm-4.64.0-py2.py3-none-any.whl (78 kB)
Collecting pytz
  Using cached pytz-2022.1-py2.py3-none-any.whl (503 kB)
Collecting pysqlite3-wheels
  Using cached pysqlite3_wheels-0.4.6-cp38-cp38-manylinux_2_5_x86_64.manylinux1_x86_64.manylinux_2_12_x86_64.manylinux2010_x86_64.whl (3.4 MB)
Collecting pyaml
  Using cached pyaml-21.10.1-py2.py3-none-any.whl (24 kB)
Collecting sqlalchemy
  Using cached SQLAlchemy-1.4.36-cp38-cp38-manylinux_2_5_x86_64.manylinux1_x86_64.manylinux_2_17_x86_64.manylinux2014_x86_64.whl (1.6 MB)
Collecting healpy>=1.13
  Using cached healpy-1.15.2-cp38-cp38-manylinux_2_17_x86_64.manylinux2014_x86_64.whl (23.7 MB)
Collecting pytest-cov>=2.6
  Using cached pytest_cov-3.0.0-py3-none-any.whl (20 kB)
Collecting h5py>=2.7
  Using cached h5py-3.6.0-cp38-cp38-manylinux_2_12_x86_64.manylinux2010_x86_64.whl (4.5 MB)
Collecting coveralls>=1.5
  Using cached coveralls-3.3.1-py2.py3-none-any.whl (14 kB)
Collecting pytest>=4.6
  Using cached pytest-7.1.2-py3-none-any.whl (297 kB)
Collecting python-dateutil>=2.7
  Using cached python_dateutil-2.8.2-py2.py3-none-any.whl (247 kB)
Collecting pyyaml>=5.0
  Using cached PyYAML-6.0-cp38-cp38-manylinux_2_5_x86_64.manylinux1_x86_64.manylinux_2_12_x86_64.manylinux2010_x86_64.whl (701 kB)
Collecting Pillow>=5.3.0
  Using cached Pillow-9.1.0-cp38-cp38-manylinux_2_17_x86_64.manylinux2014_x86_64.whl (4.3 MB)
Requirement already satisfied: setuptools>=39 in /software/soenv_20220427/lib/python3.8/site-packages (from pixell->-r requirements.txt (line 7)) (44.0.0)
Processing /root/.cache/pip/wheels/44/00/41/3faf29b9957ec60b1a7fc2dd10bb3eba83b64eb856db90394c/jplephem-2.17-py3-none-any.whl
Collecting certifi>=2017.4.17
  Using cached certifi-2021.10.8-py2.py3-none-any.whl (149 kB)
Collecting sgp4>=2.2
  Using cached sgp4-2.21-cp38-cp38-manylinux_2_5_x86_64.manylinux1_x86_64.manylinux_2_17_x86_64.manylinux2014_x86_64.whl (229 kB)
Collecting matplotlib-inline>=0.1
  Using cached matplotlib_inline-0.1.3-py3-none-any.whl (8.2 kB)
Collecting ipython>=7.23.1
  Using cached ipython-8.2.0-py3-none-any.whl (750 kB)
Collecting nest-asyncio
  Using cached nest_asyncio-1.5.5-py3-none-any.whl (5.2 kB)
Collecting packaging
  Using cached packaging-21.3-py3-none-any.whl (40 kB)
Collecting jupyter-client>=6.1.12
  Using cached jupyter_client-7.3.0-py3-none-any.whl (130 kB)
Collecting psutil
  Using cached psutil-5.9.0-cp38-cp38-manylinux_2_12_x86_64.manylinux2010_x86_64.manylinux_2_17_x86_64.manylinux2014_x86_64.whl (283 kB)
Collecting tornado>=6.1
  Using cached tornado-6.1-cp38-cp38-manylinux2010_x86_64.whl (427 kB)
Collecting debugpy>=1.0
  Using cached debugpy-1.6.0-cp38-cp38-manylinux_2_5_x86_64.manylinux1_x86_64.manylinux_2_12_x86_64.manylinux2010_x86_64.whl (1.8 MB)
Collecting traitlets>=5.1.0
  Using cached traitlets-5.1.1-py3-none-any.whl (102 kB)
Collecting jupyter-core
  Using cached jupyter_core-4.10.0-py3-none-any.whl (87 kB)
Collecting nbclassic~=0.2
  Using cached nbclassic-0.3.7-py3-none-any.whl (13 kB)
Collecting jinja2>=2.1
  Using cached Jinja2-3.1.1-py3-none-any.whl (132 kB)
Collecting jupyter-server~=1.4
  Using cached jupyter_server-1.16.0-py3-none-any.whl (343 kB)
Collecting jupyterlab-server~=2.10
  Using cached jupyterlab_server-2.13.0-py3-none-any.whl (53 kB)
Collecting nbformat>=4.2.0
  Using cached nbformat-5.3.0-py3-none-any.whl (73 kB)
Collecting ipython-genutils~=0.2.0
  Using cached ipython_genutils-0.2.0-py2.py3-none-any.whl (26 kB)
Collecting jupyterlab-widgets>=1.0.0; python_version >= "3.6"
  Using cached jupyterlab_widgets-1.1.0-py3-none-any.whl (245 kB)
Collecting widgetsnbextension~=3.6.0
  Using cached widgetsnbextension-3.6.0-py2.py3-none-any.whl (1.6 MB)
Collecting sympy>=1.0
  Using cached sympy-1.10.1-py3-none-any.whl (6.4 MB)
Collecting cmake
  Using cached cmake-3.22.4-py2.py3-none-manylinux_2_17_x86_64.manylinux2014_x86_64.whl (22.5 MB)
Collecting pyparsing>=2.2.1
  Using cached pyparsing-3.0.8-py3-none-any.whl (98 kB)
Collecting cycler>=0.10
  Using cached cycler-0.11.0-py3-none-any.whl (6.4 kB)
Collecting fonttools>=4.22.0
  Using cached fonttools-4.33.3-py3-none-any.whl (930 kB)
Collecting kiwisolver>=1.0.1
  Using cached kiwisolver-1.4.2-cp38-cp38-manylinux_2_5_x86_64.manylinux1_x86_64.whl (1.2 MB)
Collecting pyerfa>=1.7.3
  Using cached pyerfa-2.0.0.1-cp38-cp38-manylinux_2_5_x86_64.manylinux1_x86_64.manylinux_2_12_x86_64.manylinux2010_x86_64.whl (775 kB)
Collecting greenlet!=0.4.17; python_version >= "3" and (platform_machine == "aarch64" or (platform_machine == "ppc64le" or (platform_machine == "x86_64" or (platform_machine == "amd64" or (platform_machine == "AMD64" or (platform_machine == "win32" or platform_machine == "WIN32"))))))
  Using cached greenlet-1.1.2-cp38-cp38-manylinux_2_17_x86_64.manylinux2014_x86_64.whl (156 kB)
Collecting coverage[toml]>=5.2.1
  Using cached coverage-6.3.2-cp38-cp38-manylinux_2_5_x86_64.manylinux1_x86_64.manylinux_2_17_x86_64.manylinux2014_x86_64.whl (212 kB)
Collecting requests>=1.0.0
  Using cached requests-2.27.1-py2.py3-none-any.whl (63 kB)
Processing /root/.cache/pip/wheels/56/ea/58/ead137b087d9e326852a851351d1debf4ada529b6ac0ec4e8c/docopt-0.6.2-py2.py3-none-any.whl
Collecting pluggy<2.0,>=0.12
  Using cached pluggy-1.0.0-py2.py3-none-any.whl (13 kB)
Collecting attrs>=19.2.0
  Using cached attrs-21.4.0-py2.py3-none-any.whl (60 kB)
Collecting tomli>=1.0.0
  Using cached tomli-2.0.1-py3-none-any.whl (12 kB)
Collecting py>=1.8.2
  Using cached py-1.11.0-py2.py3-none-any.whl (98 kB)
Collecting iniconfig
  Using cached iniconfig-1.1.1-py2.py3-none-any.whl (5.0 kB)
Collecting six>=1.5
  Using cached six-1.16.0-py2.py3-none-any.whl (11 kB)
Collecting stack-data
  Using cached stack_data-0.2.0-py3-none-any.whl (21 kB)
Collecting pickleshare
  Using cached pickleshare-0.7.5-py2.py3-none-any.whl (6.9 kB)
Collecting pexpect>4.3; sys_platform != "win32"
  Using cached pexpect-4.8.0-py2.py3-none-any.whl (59 kB)
Collecting jedi>=0.16
  Using cached jedi-0.18.1-py2.py3-none-any.whl (1.6 MB)
Collecting backcall
  Using cached backcall-0.2.0-py2.py3-none-any.whl (11 kB)
Collecting decorator
  Using cached decorator-5.1.1-py3-none-any.whl (9.1 kB)
Collecting prompt-toolkit!=3.0.0,!=3.0.1,<3.1.0,>=2.0.0
  Using cached prompt_toolkit-3.0.29-py3-none-any.whl (381 kB)
Collecting pygments>=2.4.0
  Using cached Pygments-2.12.0-py3-none-any.whl (1.1 MB)
Collecting pyzmq>=22.3
  Using cached pyzmq-22.3.0-cp38-cp38-manylinux_2_12_x86_64.manylinux2010_x86_64.whl (1.1 MB)
Collecting entrypoints
  Using cached entrypoints-0.4-py3-none-any.whl (5.3 kB)
Collecting notebook<7
  Using cached notebook-6.4.11-py3-none-any.whl (9.9 MB)
Collecting notebook-shim>=0.1.0
  Using cached notebook_shim-0.1.0-py3-none-any.whl (13 kB)
Collecting MarkupSafe>=2.0
  Using cached MarkupSafe-2.1.1-cp38-cp38-manylinux_2_17_x86_64.manylinux2014_x86_64.whl (25 kB)
Collecting anyio>=3.1.0
  Using cached anyio-3.5.0-py3-none-any.whl (79 kB)
Collecting argon2-cffi
  Using cached argon2_cffi-21.3.0-py3-none-any.whl (14 kB)
Collecting prometheus-client
  Using cached prometheus_client-0.14.1-py3-none-any.whl (59 kB)
Collecting websocket-client
  Using cached websocket_client-1.3.2-py3-none-any.whl (54 kB)
Collecting Send2Trash
  Using cached Send2Trash-1.8.0-py3-none-any.whl (18 kB)
Collecting nbconvert>=6.4.4
  Using cached nbconvert-6.5.0-py3-none-any.whl (561 kB)
Collecting terminado>=0.8.3
  Using cached terminado-0.13.3-py3-none-any.whl (14 kB)
Collecting json5
  Using cached json5-0.9.6-py2.py3-none-any.whl (18 kB)
Collecting jsonschema>=3.0.1
  Using cached jsonschema-4.4.0-py3-none-any.whl (72 kB)
Collecting importlib-metadata>=3.6; python_version < "3.10"
  Using cached importlib_metadata-4.11.3-py3-none-any.whl (18 kB)
Collecting babel
  Using cached Babel-2.10.1-py3-none-any.whl (9.5 MB)
Collecting fastjsonschema
  Using cached fastjsonschema-2.15.3-py3-none-any.whl (22 kB)
Collecting mpmath>=0.19
  Using cached mpmath-1.2.1-py3-none-any.whl (532 kB)
Collecting idna<4,>=2.5; python_version >= "3"
  Using cached idna-3.3-py3-none-any.whl (61 kB)
Collecting charset-normalizer~=2.0.0; python_version >= "3"
  Using cached charset_normalizer-2.0.12-py3-none-any.whl (39 kB)
Collecting urllib3<1.27,>=1.21.1
  Using cached urllib3-1.26.9-py2.py3-none-any.whl (138 kB)
Collecting asttokens
  Using cached asttokens-2.0.5-py2.py3-none-any.whl (20 kB)
Collecting executing
  Using cached executing-0.8.3-py2.py3-none-any.whl (16 kB)
Collecting pure-eval
  Using cached pure_eval-0.2.2-py3-none-any.whl (11 kB)
Collecting ptyprocess>=0.5
  Using cached ptyprocess-0.7.0-py2.py3-none-any.whl (13 kB)
Collecting parso<0.9.0,>=0.8.0
  Using cached parso-0.8.3-py2.py3-none-any.whl (100 kB)
Collecting wcwidth
  Using cached wcwidth-0.2.5-py2.py3-none-any.whl (30 kB)
Collecting sniffio>=1.1
  Using cached sniffio-1.2.0-py3-none-any.whl (10 kB)
Collecting argon2-cffi-bindings
  Using cached argon2_cffi_bindings-21.2.0-cp36-abi3-manylinux_2_17_x86_64.manylinux2014_x86_64.whl (86 kB)
Collecting beautifulsoup4
  Using cached beautifulsoup4-4.11.1-py3-none-any.whl (128 kB)
Collecting defusedxml
  Using cached defusedxml-0.7.1-py2.py3-none-any.whl (25 kB)
Collecting pandocfilters>=1.4.1
  Using cached pandocfilters-1.5.0-py2.py3-none-any.whl (8.7 kB)
Collecting bleach
  Using cached bleach-5.0.0-py3-none-any.whl (160 kB)
Collecting tinycss2
  Using cached tinycss2-1.1.1-py3-none-any.whl (21 kB)
Collecting jupyterlab-pygments
  Using cached jupyterlab_pygments-0.2.2-py2.py3-none-any.whl (21 kB)
Collecting mistune<2,>=0.8.1
  Using cached mistune-0.8.4-py2.py3-none-any.whl (16 kB)
Collecting nbclient>=0.5.0
  Using cached nbclient-0.6.0-py3-none-any.whl (70 kB)
Collecting importlib-resources>=1.4.0; python_version < "3.9"
  Using cached importlib_resources-5.7.1-py3-none-any.whl (28 kB)
Collecting pyrsistent!=0.17.0,!=0.17.1,!=0.17.2,>=0.14.0
  Using cached pyrsistent-0.18.1-cp38-cp38-manylinux_2_17_x86_64.manylinux2014_x86_64.whl (119 kB)
Collecting zipp>=0.5
  Using cached zipp-3.8.0-py3-none-any.whl (5.4 kB)
Collecting cffi>=1.0.1
  Using cached cffi-1.15.0-cp38-cp38-manylinux_2_12_x86_64.manylinux2010_x86_64.whl (446 kB)
Collecting soupsieve>1.2
  Using cached soupsieve-2.3.2.post1-py3-none-any.whl (37 kB)
Collecting webencodings
  Using cached webencodings-0.5.1-py2.py3-none-any.whl (11 kB)
Collecting pycparser
  Using cached pycparser-2.21-py2.py3-none-any.whl (118 kB)
Building wheels for collected packages: pysqlite3
  Building wheel for pysqlite3 (setup.py): started
  Building wheel for pysqlite3 (setup.py): finished with status 'done'
  Running setup.py clean for pysqlite3
Failed to build pysqlite3
Installing collected packages: ephem, numpy, pyparsing, cycler, fonttools, packaging, Pillow, kiwisolver, six, python-dateutil, matplotlib, scipy, cmake, h5py, pyerfa, astropy, healpy, toast, toast-cmb, tqdm, pytz, pysqlite3-wheels, pyyaml, pyaml, greenlet, sqlalchemy, so3g, cython, tomli, coverage, pluggy, attrs, py, iniconfig, pytest, pytest-cov, idna, charset-normalizer, urllib3, certifi, requests, docopt, coveralls, pixell, jplephem, sgp4, skyfield, toml, pyfftw, traitlets, matplotlib-inline, asttokens, executing, pure-eval, stack-data, pickleshare, ptyprocess, pexpect, parso, jedi, backcall, decorator, wcwidth, prompt-toolkit, pygments, ipython, nest-asyncio, pyzmq, jupyter-core, entrypoints, tornado, jupyter-client, psutil, debugpy, ipykernel, sniffio, anyio, pycparser, cffi, argon2-cffi-bindings, argon2-cffi, prometheus-client, websocket-client, Send2Trash, zipp, importlib-resources, pyrsistent, jsonschema, fastjsonschema, nbformat, soupsieve, beautifulsoup4, MarkupSafe, jinja2, defusedxml, pandocfilters, webencodings, bleach, tinycss2, jupyterlab-pygments, mistune, nbclient, nbconvert, terminado, jupyter-server, ipython-genutils, notebook, notebook-shim, nbclassic, json5, importlib-metadata, babel, jupyterlab-server, jupyterlab, jupyterlab-widgets, widgetsnbextension, ipywidgets, ipympl, pysqlite3, pymaster, mpmath, sympy, camb, joblib, lru-cache, iminuit
    Running setup.py install for pysqlite3: started
    Running setup.py install for pysqlite3: finished with status 'done'
Successfully installed MarkupSafe-2.1.1 Pillow-9.1.0 Send2Trash-1.8.0 anyio-3.5.0 argon2-cffi-21.3.0 argon2-cffi-bindings-21.2.0 astropy-4.3.1 asttokens-2.0.5 attrs-21.4.0 babel-2.10.1 backcall-0.2.0 beautifulsoup4-4.11.1 bleach-5.0.0 camb-1.3.5 certifi-2021.10.8 cffi-1.15.0 charset-normalizer-2.0.12 cmake-3.22.4 coverage-6.3.2 coveralls-3.3.1 cycler-0.11.0 cython-0.29.28 debugpy-1.6.0 decorator-5.1.1 defusedxml-0.7.1 docopt-0.6.2 entrypoints-0.4 ephem-4.1.3 executing-0.8.3 fastjsonschema-2.15.3 fonttools-4.33.3 greenlet-1.1.2 h5py-3.6.0 healpy-1.15.2 idna-3.3 iminuit-2.11.2 importlib-metadata-4.11.3 importlib-resources-5.7.1 iniconfig-1.1.1 ipykernel-6.13.0 ipympl-0.9.1 ipython-8.2.0 ipython-genutils-0.2.0 ipywidgets-7.7.0 jedi-0.18.1 jinja2-3.1.1 joblib-1.1.0 jplephem-2.17 json5-0.9.6 jsonschema-4.4.0 jupyter-client-7.3.0 jupyter-core-4.10.0 jupyter-server-1.16.0 jupyterlab-3.3.4 jupyterlab-pygments-0.2.2 jupyterlab-server-2.13.0 jupyterlab-widgets-1.1.0 kiwisolver-1.4.2 lru-cache-0.2.3 matplotlib-3.5.1 matplotlib-inline-0.1.3 mistune-0.8.4 mpmath-1.2.1 nbclassic-0.3.7 nbclient-0.6.0 nbconvert-6.5.0 nbformat-5.3.0 nest-asyncio-1.5.5 notebook-6.4.11 notebook-shim-0.1.0 numpy-1.22.3 packaging-21.3 pandocfilters-1.5.0 parso-0.8.3 pexpect-4.8.0 pickleshare-0.7.5 pixell-0.15.3 pluggy-1.0.0 prometheus-client-0.14.1 prompt-toolkit-3.0.29 psutil-5.9.0 ptyprocess-0.7.0 pure-eval-0.2.2 py-1.11.0 pyaml-21.10.1 pycparser-2.21 pyerfa-2.0.0.1 pyfftw-0.13.0 pygments-2.12.0 pymaster-1.2 pyparsing-3.0.8 pyrsistent-0.18.1 pysqlite3 pysqlite3-wheels-0.4.6 pytest-7.1.2 pytest-cov-3.0.0 python-dateutil-2.8.2 pytz-2022.1 pyyaml-6.0 pyzmq-22.3.0 requests-2.27.1 scipy-1.8.0 sgp4-2.21 six-1.16.0 skyfield-1.42 sniffio-1.2.0 so3g-0.1.3 soupsieve-2.3.2.post1 sqlalchemy-1.4.36 stack-data-0.2.0 sympy-1.10.1 terminado-0.13.3 tinycss2-1.1.1 toast-2.3.14 toast-cmb-2.3.14 toml-0.10.2 tomli-2.0.1 tornado-6.1 tqdm-4.64.0 traitlets-5.1.1 urllib3-1.26.9 wcwidth-0.2.5 webencodings-0.5.1 websocket-client-1.3.2 widgetsnbextension-3.6.0 zipp-3.8.0
Installed kernelspec soenv_20220427 in /software/soenv_20220427/share/jupyter/kernels/soenv_20220427
Processing /homes/ykyohei/virtualenv/soenv_20220427_sotodlib/sotodlib
Requirement already satisfied: PyYAML in /software/soenv_20220427/lib/python3.8/site-packages (from sotodlib==0.4.0+344.g517721e) (6.0)
Requirement already satisfied: matplotlib in /software/soenv_20220427/lib/python3.8/site-packages (from sotodlib==0.4.0+344.g517721e) (3.5.1)
Requirement already satisfied: numpy in /software/soenv_20220427/lib/python3.8/site-packages (from sotodlib==0.4.0+344.g517721e) (1.22.3)
Requirement already satisfied: pixell in /software/soenv_20220427/lib/python3.8/site-packages (from sotodlib==0.4.0+344.g517721e) (0.15.3)
Requirement already satisfied: pyfftw in /software/soenv_20220427/lib/python3.8/site-packages (from sotodlib==0.4.0+344.g517721e) (0.13.0)
Processing /root/.cache/pip/wheels/fc/3e/2c/2dca8e36b32d036c82a188c1bcfc51f2c2ed1927b35559bb3c/quaternionarray-0.6.2-py3-none-any.whl
Collecting scikit-image
  Using cached scikit_image-0.19.2-cp38-cp38-manylinux_2_17_x86_64.manylinux2014_x86_64.whl (14.0 MB)
Requirement already satisfied: scipy in /software/soenv_20220427/lib/python3.8/site-packages (from sotodlib==0.4.0+344.g517721e) (1.8.0)
Requirement already satisfied: skyfield in /software/soenv_20220427/lib/python3.8/site-packages (from sotodlib==0.4.0+344.g517721e) (1.42)
Requirement already satisfied: toml in /software/soenv_20220427/lib/python3.8/site-packages (from sotodlib==0.4.0+344.g517721e) (0.10.2)
Requirement already satisfied: python-dateutil>=2.7 in /software/soenv_20220427/lib/python3.8/site-packages (from matplotlib->sotodlib==0.4.0+344.g517721e) (2.8.2)
Requirement already satisfied: pyparsing>=2.2.1 in /software/soenv_20220427/lib/python3.8/site-packages (from matplotlib->sotodlib==0.4.0+344.g517721e) (3.0.8)
Requirement already satisfied: cycler>=0.10 in /software/soenv_20220427/lib/python3.8/site-packages (from matplotlib->sotodlib==0.4.0+344.g517721e) (0.11.0)
Requirement already satisfied: packaging>=20.0 in /software/soenv_20220427/lib/python3.8/site-packages (from matplotlib->sotodlib==0.4.0+344.g517721e) (21.3)
Requirement already satisfied: fonttools>=4.22.0 in /software/soenv_20220427/lib/python3.8/site-packages (from matplotlib->sotodlib==0.4.0+344.g517721e) (4.33.3)
Requirement already satisfied: pillow>=6.2.0 in /software/soenv_20220427/lib/python3.8/site-packages (from matplotlib->sotodlib==0.4.0+344.g517721e) (9.1.0)
Requirement already satisfied: kiwisolver>=1.0.1 in /software/soenv_20220427/lib/python3.8/site-packages (from matplotlib->sotodlib==0.4.0+344.g517721e) (1.4.2)
Requirement already satisfied: pytest>=4.6 in /software/soenv_20220427/lib/python3.8/site-packages (from pixell->sotodlib==0.4.0+344.g517721e) (7.1.2)
Requirement already satisfied: setuptools>=39 in /software/soenv_20220427/lib/python3.8/site-packages (from pixell->sotodlib==0.4.0+344.g517721e) (44.0.0)
Requirement already satisfied: coveralls>=1.5 in /software/soenv_20220427/lib/python3.8/site-packages (from pixell->sotodlib==0.4.0+344.g517721e) (3.3.1)
Requirement already satisfied: h5py>=2.7 in /software/soenv_20220427/lib/python3.8/site-packages (from pixell->sotodlib==0.4.0+344.g517721e) (3.6.0)
Requirement already satisfied: cython>=0.28 in /software/soenv_20220427/lib/python3.8/site-packages (from pixell->sotodlib==0.4.0+344.g517721e) (0.29.28)
Requirement already satisfied: healpy>=1.13 in /software/soenv_20220427/lib/python3.8/site-packages (from pixell->sotodlib==0.4.0+344.g517721e) (1.15.2)
Requirement already satisfied: pytest-cov>=2.6 in /software/soenv_20220427/lib/python3.8/site-packages (from pixell->sotodlib==0.4.0+344.g517721e) (3.0.0)
Requirement already satisfied: astropy>=2.0 in /software/soenv_20220427/lib/python3.8/site-packages (from pixell->sotodlib==0.4.0+344.g517721e) (4.3.1)
Collecting networkx>=2.2
  Using cached networkx-2.8-py3-none-any.whl (2.0 MB)
Collecting tifffile>=2019.7.26
  Using cached tifffile-2022.4.26-py3-none-any.whl (191 kB)
Collecting PyWavelets>=1.1.1
  Using cached PyWavelets-1.3.0-cp38-cp38-manylinux_2_17_x86_64.manylinux2014_x86_64.whl (6.9 MB)
Collecting imageio>=2.4.1
  Using cached imageio-2.18.0-py3-none-any.whl (3.4 MB)
Requirement already satisfied: certifi>=2017.4.17 in /software/soenv_20220427/lib/python3.8/site-packages (from skyfield->sotodlib==0.4.0+344.g517721e) (2021.10.8)
Requirement already satisfied: sgp4>=2.2 in /software/soenv_20220427/lib/python3.8/site-packages (from skyfield->sotodlib==0.4.0+344.g517721e) (2.21)
Requirement already satisfied: jplephem>=2.13 in /software/soenv_20220427/lib/python3.8/site-packages (from skyfield->sotodlib==0.4.0+344.g517721e) (2.17)
Requirement already satisfied: six>=1.5 in /software/soenv_20220427/lib/python3.8/site-packages (from python-dateutil>=2.7->matplotlib->sotodlib==0.4.0+344.g517721e) (1.16.0)
Requirement already satisfied: tomli>=1.0.0 in /software/soenv_20220427/lib/python3.8/site-packages (from pytest>=4.6->pixell->sotodlib==0.4.0+344.g517721e) (2.0.1)
Requirement already satisfied: py>=1.8.2 in /software/soenv_20220427/lib/python3.8/site-packages (from pytest>=4.6->pixell->sotodlib==0.4.0+344.g517721e) (1.11.0)
Requirement already satisfied: attrs>=19.2.0 in /software/soenv_20220427/lib/python3.8/site-packages (from pytest>=4.6->pixell->sotodlib==0.4.0+344.g517721e) (21.4.0)
Requirement already satisfied: pluggy<2.0,>=0.12 in /software/soenv_20220427/lib/python3.8/site-packages (from pytest>=4.6->pixell->sotodlib==0.4.0+344.g517721e) (1.0.0)
Requirement already satisfied: iniconfig in /software/soenv_20220427/lib/python3.8/site-packages (from pytest>=4.6->pixell->sotodlib==0.4.0+344.g517721e) (1.1.1)
Requirement already satisfied: docopt>=0.6.1 in /software/soenv_20220427/lib/python3.8/site-packages (from coveralls>=1.5->pixell->sotodlib==0.4.0+344.g517721e) (0.6.2)
Requirement already satisfied: coverage!=6.0.*,!=6.1,!=6.1.1,<7.0,>=4.1 in /software/soenv_20220427/lib/python3.8/site-packages (from coveralls>=1.5->pixell->sotodlib==0.4.0+344.g517721e) (6.3.2)
Requirement already satisfied: requests>=1.0.0 in /software/soenv_20220427/lib/python3.8/site-packages (from coveralls>=1.5->pixell->sotodlib==0.4.0+344.g517721e) (2.27.1)
Requirement already satisfied: pyerfa>=1.7.3 in /software/soenv_20220427/lib/python3.8/site-packages (from astropy>=2.0->pixell->sotodlib==0.4.0+344.g517721e) (2.0.0.1)
Requirement already satisfied: urllib3<1.27,>=1.21.1 in /software/soenv_20220427/lib/python3.8/site-packages (from requests>=1.0.0->coveralls>=1.5->pixell->sotodlib==0.4.0+344.g517721e) (1.26.9)
Requirement already satisfied: charset-normalizer~=2.0.0; python_version >= "3" in /software/soenv_20220427/lib/python3.8/site-packages (from requests>=1.0.0->coveralls>=1.5->pixell->sotodlib==0.4.0+344.g517721e) (2.0.12)
Requirement already satisfied: idna<4,>=2.5; python_version >= "3" in /software/soenv_20220427/lib/python3.8/site-packages (from requests>=1.0.0->coveralls>=1.5->pixell->sotodlib==0.4.0+344.g517721e) (3.3)
Building wheels for collected packages: sotodlib
  Building wheel for sotodlib (setup.py): started
  Building wheel for sotodlib (setup.py): finished with status 'done'
  Created wheel for sotodlib: filename=sotodlib-0.4.0+344.g517721e-py3-none-any.whl size=281332 sha256=ca6012eb7b5a86a071cb53977dd426dfa92f29479be383d6f8482f6ce573721a
  Stored in directory: /tmp/pip-ephem-wheel-cache-serxg_08/wheels/1c/61/7a/b874dbf33e525c2b57fc5e16022ff249ab35081c14095ce62e
Successfully built sotodlib
Installing collected packages: quaternionarray, networkx, tifffile, PyWavelets, imageio, scikit-image, sotodlib
Successfully installed PyWavelets-1.3.0 imageio-2.18.0 networkx-2.8 quaternionarray-0.6.2 scikit-image-0.19.2 sotodlib-0.4.0+344.g517721e tifffile-2022.4.26
running test
TOAST INFO: mpi4py not found- using serial operations only
TOAST INFO: TODGround: simulate scan:  0.00 seconds (1 calls)
TOAST INFO: TODGround: list valid intervals:  0.00 seconds (1 calls)
TOAST INFO: TODGround: call base class constructor:  0.00 seconds (1 calls)
TOAST INFO: TODGround: translate scan pointing:  0.03 seconds (1 calls)
TOAST INFO: TODGround: simulate scan:  0.00 seconds (1 calls)
TOAST INFO: TODGround: list valid intervals:  0.00 seconds (1 calls)
TOAST INFO: TODGround: call base class constructor:  0.00 seconds (1 calls)
TOAST INFO: TODGround: translate scan pointing:  0.02 seconds (1 calls)
TOAST INFO: TODGround: simulate scan:  0.00 seconds (1 calls)
TOAST INFO: TODGround: list valid intervals:  0.00 seconds (1 calls)
TOAST INFO: TODGround: call base class constructor:  0.00 seconds (1 calls)
TOAST INFO: TODGround: translate scan pointing:  0.01 seconds (1 calls)
TOAST INFO: TODGround: simulate scan:  0.00 seconds (1 calls)
TOAST INFO: TODGround: list valid intervals:  0.00 seconds (1 calls)
TOAST INFO: TODGround: call base class constructor:  0.00 seconds (1 calls)
TOAST INFO: TODGround: translate scan pointing:  0.01 seconds (1 calls)
TOAST INFO: TODGround: simulate scan:  0.00 seconds (1 calls)
TOAST INFO: TODGround: list valid intervals:  0.00 seconds (1 calls)
TOAST INFO: TODGround: call base class constructor:  0.00 seconds (1 calls)
TOAST INFO: TODGround: translate scan pointing:  0.01 seconds (1 calls)
TOAST INFO: TODGround: simulate scan:  0.00 seconds (1 calls)
TOAST INFO: TODGround: list valid intervals:  0.00 seconds (1 calls)
TOAST INFO: TODGround: call base class constructor:  0.00 seconds (1 calls)
TOAST INFO: TODGround: translate scan pointing:  0.01 seconds (1 calls)
Creating example database...
Creating table base
Creating table geometry
Creating LF-type arrays...
Creating MF-type arrays...
Creating HF-type arrays...
Committing 17094 detectors...
Checking the work...
Writing test.sqlite
  -- output has size 2195456
  -- read-back 17094 rows in 0.24407124519348145 seconds.
  -- removing.
Writing test.txt
  -- output has size 3545735
  -- read-back 17094 rows in 0.16469311714172363 seconds.
  -- removing.
Writing test.gz
  -- output has size 233444
  -- read-back 17094 rows in 0.1693716049194336 seconds.
  -- removing.
Test 1: how many dets have array_code=HF1?
  Answer: 3252
  The first few are:
    OrderedDict([('name', 'HF1_00000')])
    OrderedDict([('name', 'HF1_00001')])
    OrderedDict([('name', 'HF1_00002')])
    OrderedDict([('name', 'HF1_00003')])
    OrderedDict([('name', 'HF1_00004')])

Test 2: Get (array, wafer) for a bunch of dets.
  Distinct pairs:
    OrderedDict([('array_code', 'HF1'), ('wafer_code', 'W1')])
    OrderedDict([('array_code', 'HF1'), ('wafer_code', 'W2')])
    OrderedDict([('array_code', 'HF1'), ('wafer_code', 'W3')])

Writing test.sqlite
  -- output has size 16384
  -- removing.
Writing test.txt
  -- output has size 1344
  -- removing.
Writing test.gz
  -- output has size 320
  -- removing.

CONSTRUCTED   : [('array', 'in', 'exact', 'varchar(16)'), ('time', 'in', 'range', 'float'), ('also_data', 'out', 'exact', 'varchar(16)')]

RECONSTRUCTED : [('array', 'in', 'exact', 'varchar(16)'), ('time', 'in', 'range', 'float'), ('also_data', 'out', 'exact', 'varchar(16)')]
Filter takes sigma from [0.97573583 1.00237754 0.97431636] to [0.6660673  0.7114861  0.67890304]
Filter takes sigma from [0.97573583 1.00237754 0.97431636] to [0.5784132  0.6232273  0.60059446]
Filter takes sigma from [0.97573583 1.00237754 0.97431636] to [0.7204385  0.70540756 0.73564506]
Filter takes sigma from [0.97573583 1.00237754 0.97431636] to [0.61138564 0.60311586 0.6421947 ]
Filter takes sigma from [0.97573583 1.00237754 0.97431636] to [0.60454077 0.6010718  0.56568366]
Filter takes sigma from [0.97573583 1.00237754 0.97431636] to [0.41151452 0.4079167  0.4754465 ]
Filter takes sigma from [0.97573583 1.00237754 0.97431636] to [0.7016344  0.7062007  0.71532875]
Filter takes sigma from [0.97573583 1.00237754 0.97431636] to [0.7016344  0.7062007  0.71532875]
Amplitudes from [1. 4. 9.] to [1.1908996e-07 4.7540522e-07 9.4508266e-07].
